 % npm run package

> revolt.chat_cli_cliant@1.0.3 package
> npm run build && pkg . --targets node18-win-x64 --output revolt-cli-v${npm_package_version}.exe


> revolt.chat_cli_cliant@1.0.3 build
> ./node_modules/.bin/tsc

src/index.ts:6:33 - error TS2732: Cannot find module '../package.json'. Consider using '--resolveJsonModule' to import module with '.json' extension.

6 import { name as appName } from '../package.json';
                                  ~~~~~~~~~~~~~~~~~

src/index.ts:47:3 - error TS2305: Module '"./lib/ui"' has no exported member 'promptMultiLineMessage'.

47   promptMultiLineMessage,
     ~~~~~~~~~~~~~~~~~~~~~~

src/index.ts:76:25 - error TS2552: Cannot find name 'promptMessage'. Did you mean 'postMessage'?

76     const input = await promptMessage(channel.name);
                           ~~~~~~~~~~~~~

  node_modules/typescript/lib/lib.dom.d.ts:28771:18
    28771 declare function postMessage(message: any, targetOrigin: string, transfer?: Transferable[]): void;
                           ~~~~~~~~~~~
    'postMessage' is declared here.

src/lib/ui.ts:8:35 - error TS7016: Could not find a declaration file for module 'inquirer-command-prompt'. '/home/sakuramochi/github.com/puyokura/revolt.chat_cli_cliant/node_modules/inquirer-command-prompt/index.js' implicitly has an 'any' type.
  Try `npm i --save-dev @types/inquirer-command-prompt` if it exists or add a new declaration (.d.ts) file containing `declare module 'inquirer-command-prompt';`

8 import inquirerCommandPrompt from 'inquirer-command-prompt';
                                    ~~~~~~~~~~~~~~~~~~~~~~~~~


Found 4 errors in 2 files.

Errors  Files
     3  src/index.ts:6
     1  src/lib/ui.ts:8